<templateSet group="JUnit">
  <template name="test" value="@Test&#10;public void should$END$() {&#10;}" description="" toReformat="false" toShortenFQNames="true">
    <context>
      <option name="JAVA_CODE" value="true" />
    </context>
  </template>
  <template name="before" value="@Before&#10;public void $END$() {&#10;}&#10;" description="" toReformat="false" toShortenFQNames="true">
    <context>
      <option name="JAVA_CODE" value="true" />
    </context>
  </template>
</templateSet>