<templateSet group="JUnit">
  <template name="test" value="@Test&#10;@DisplayName(&quot;$DISPLAY_NAME$&quot;)    &#10;public void $TEST_NAME$() {&#10;}" description="" toReformat="false" toShortenFQNames="true">
    <variable name="DISPLAY_NAME" expression="" defaultValue="&quot;Should &quot;" alwaysStopAt="true" />
    <variable name="TEST_NAME" expression="" defaultValue="camelCase(DISPLAY_NAME)" alwaysStopAt="true" />
    <context>
      <option name="JAVA_CODE" value="true" />
    </context>
  </template>
  <template name="beach" value="@BeforeEach&#10;public void setUp$END$() {&#10;}&#10;" description="" toReformat="false" toShortenFQNames="true">
    <context>
      <option name="JAVA_CODE" value="true" />
    </context>
  </template>
  <template name="aeach" value="@AfterEach&#10;public void tearDown$END$() {&#10;}&#10;" toReformat="false" toShortenFQNames="true">
    <context>
      <option name="JAVA_CODE" value="true" />
    </context>
  </template>
  <template name="ball" value="@BeforeAll&#10;public static void setUp$END$() {&#10;}&#10;" toReformat="false" toShortenFQNames="true">
    <context>
      <option name="JAVA_CODE" value="true" />
    </context>
  </template>
  <template name="aall" value="@AfterAll&#10;public static void tearDown$END$() {&#10;}&#10;" toReformat="false" toShortenFQNames="true" />
</templateSet>